2018-11-13T04:30:35.812Z - info: Environment variables loaded.
2018-11-13T04:30:35.872Z - error: uncaughtException: Cannot find module './public/index.js' date=Mon Nov 12 2018 22:30:35 GMT-0600 (Central Standard Time), pid=165920, uid=null, gid=null, cwd=C:\Users\S533622\Documents\44563\ecommerce, execPath=C:\Program Files\nodejs\node.exe, version=v8.12.0, argv=[C:\Program Files\nodejs\node.exe, C:\Users\S533622\Documents\44563\ecommerce\app.js], rss=71319552, heapTotal=60731392, heapUsed=40142672, external=19801210, loadavg=[0, 0, 0], uptime=822328.4221305
Error: Cannot find module './public/index.js'
    at Function.Module._resolveFilename (module.js:548:15)
    at Function.Module._load (module.js:475:25)
    at Module.require (module.js:597:17)
    at require (internal/module.js:11:18)
    at Object.<anonymous> (C:\Users\S533622\Documents\44563\ecommerce\app.js:66:16)
    at Module._compile (module.js:653:30)
    at Object.Module._extensions..js (module.js:664:10)
    at Module.load (module.js:566:32)
    at tryModuleLoad (module.js:506:12)
    at Function.Module._load (module.js:498:3)
    at Function.Module.runMain (module.js:694:10)
    at startup (bootstrap_node.js:204:16)
    at bootstrap_node.js:625:3
2018-11-13T04:31:59.634Z - error: uncaughtException: public is not defined date=Mon Nov 12 2018 22:31:59 GMT-0600 (Central Standard Time), pid=174196, uid=null, gid=null, cwd=C:\Users\S533622\Documents\44563\ecommerce, execPath=C:\Program Files\nodejs\node.exe, version=v8.12.0, argv=[C:\Program Files\nodejs\node.exe, C:\Users\S533622\Documents\44563\ecommerce\app.js], rss=70926336, heapTotal=60731392, heapUsed=39701336, external=19691000, loadavg=[0, 0, 0], uptime=822412.1846976
ReferenceError: public is not defined
    at Object.<anonymous> (C:\Users\S533622\Documents\44563\ecommerce\app.js:67:14)
    at Module._compile (module.js:653:30)
    at Object.Module._extensions..js (module.js:664:10)
    at Module.load (module.js:566:32)
    at tryModuleLoad (module.js:506:12)
    at Function.Module._load (module.js:498:3)
    at Function.Module.runMain (module.js:694:10)
    at startup (bootstrap_node.js:204:16)
    at bootstrap_node.js:625:3
2018-11-13T04:31:59.595Z - info: Environment variables loaded.
2018-11-13T04:32:08.296Z - info: Environment variables loaded.
2018-11-13T04:32:08.331Z - error: uncaughtException: Router.use() requires a middleware function but got a Object date=Mon Nov 12 2018 22:32:08 GMT-0600 (Central Standard Time), pid=157340, uid=null, gid=null, cwd=C:\Users\S533622\Documents\44563\ecommerce, execPath=C:\Program Files\nodejs\node.exe, version=v8.12.0, argv=[C:\Program Files\nodejs\node.exe, C:\Users\S533622\Documents\44563\ecommerce\app.js], rss=72724480, heapTotal=61779968, heapUsed=31944248, external=18496211, loadavg=[0, 0, 0], uptime=822420.8822242
TypeError: Router.use() requires a middleware function but got a Object
    at Function.use (C:\Users\S533622\Documents\44563\ecommerce\node_modules\express\lib\router\index.js:458:13)
    at Function.<anonymous> (C:\Users\S533622\Documents\44563\ecommerce\node_modules\express\lib\application.js:220:21)
    at Array.forEach (<anonymous>)
    at Function.use (C:\Users\S533622\Documents\44563\ecommerce\node_modules\express\lib\application.js:217:7)
    at Object.<anonymous> (C:\Users\S533622\Documents\44563\ecommerce\app.js:67:5)
    at Module._compile (module.js:653:30)
    at Object.Module._extensions..js (module.js:664:10)
    at Module.load (module.js:566:32)
    at tryModuleLoad (module.js:506:12)
    at Function.Module._load (module.js:498:3)
    at Function.Module.runMain (module.js:694:10)
    at startup (bootstrap_node.js:204:16)
    at bootstrap_node.js:625:3
2018-11-13T04:32:48.712Z - info: Environment variables loaded.
2018-11-13T04:32:48.754Z - error: uncaughtException: Router.use() requires a middleware function but got a Object date=Mon Nov 12 2018 22:32:48 GMT-0600 (Central Standard Time), pid=177772, uid=null, gid=null, cwd=C:\Users\S533622\Documents\44563\ecommerce, execPath=C:\Program Files\nodejs\node.exe, version=v8.12.0, argv=[C:\Program Files\nodejs\node.exe, C:\Users\S533622\Documents\44563\ecommerce\app.js], rss=72663040, heapTotal=62304256, heapUsed=31936368, external=18500985, loadavg=[0, 0, 0], uptime=822461.298393
TypeError: Router.use() requires a middleware function but got a Object
    at Function.use (C:\Users\S533622\Documents\44563\ecommerce\node_modules\express\lib\router\index.js:458:13)
    at Function.<anonymous> (C:\Users\S533622\Documents\44563\ecommerce\node_modules\express\lib\application.js:220:21)
    at Array.forEach (<anonymous>)
    at Function.use (C:\Users\S533622\Documents\44563\ecommerce\node_modules\express\lib\application.js:217:7)
    at Object.<anonymous> (C:\Users\S533622\Documents\44563\ecommerce\app.js:67:5)
    at Module._compile (module.js:653:30)
    at Object.Module._extensions..js (module.js:664:10)
    at Module.load (module.js:566:32)
    at tryModuleLoad (module.js:506:12)
    at Function.Module._load (module.js:498:3)
    at Function.Module.runMain (module.js:694:10)
    at startup (bootstrap_node.js:204:16)
    at bootstrap_node.js:625:3
2018-11-13T04:38:25.163Z - error: uncaughtException: Cannot find module '../data/puppies.json' date=Mon Nov 12 2018 22:38:25 GMT-0600 (Central Standard Time), pid=183752, uid=null, gid=null, cwd=C:\Users\S533622\Documents\44563\ecommerce, execPath=C:\Program Files\nodejs\node.exe, version=v8.12.0, argv=[C:\Program Files\nodejs\node.exe, C:\Users\S533622\Documents\44563\ecommerce\app.js], rss=73121792, heapTotal=62304256, heapUsed=33525672, external=18679086, loadavg=[0, 0, 0], uptime=822797.7112033
Error: Cannot find module '../data/puppies.json'
    at Function.Module._resolveFilename (module.js:548:15)
    at Function.Module._load (module.js:475:25)
    at Module.require (module.js:597:17)
    at require (internal/module.js:11:18)
    at Object.<anonymous> (C:\Users\S533622\Documents\44563\ecommerce\utils\seeder.js:4:17)
    at Module._compile (module.js:653:30)
    at Object.Module._extensions..js (module.js:664:10)
    at Module.load (module.js:566:32)
    at tryModuleLoad (module.js:506:12)
    at Function.Module._load (module.js:498:3)
    at Module.require (module.js:597:17)
    at require (internal/module.js:11:18)
    at Object.<anonymous> (C:\Users\S533622\Documents\44563\ecommerce\app.js:73:1)
    at Module._compile (module.js:653:30)
    at Object.Module._extensions..js (module.js:664:10)
    at Module.load (module.js:566:32)
    at tryModuleLoad (module.js:506:12)
    at Function.Module._load (module.js:498:3)
    at Function.Module.runMain (module.js:694:10)
    at startup (bootstrap_node.js:204:16)
    at bootstrap_node.js:625:3
2018-11-13T04:38:25.091Z - info: Environment variables loaded.
2018-11-13T04:38:25.099Z - debug: START routing
2018-11-13T04:38:25.099Z - debug: END routing
2018-11-13T04:38:25.099Z - info: Loaded routing.
2018-11-13T04:40:25.621Z - info: Environment variables loaded.
2018-11-13T04:40:25.691Z - error: uncaughtException: Cannot find module '../data/custoi.json' date=Mon Nov 12 2018 22:40:25 GMT-0600 (Central Standard Time), pid=184252, uid=null, gid=null, cwd=C:\Users\S533622\Documents\44563\ecommerce, execPath=C:\Program Files\nodejs\node.exe, version=v8.12.0, argv=[C:\Program Files\nodejs\node.exe, C:\Users\S533622\Documents\44563\ecommerce\app.js], rss=73134080, heapTotal=62828544, heapUsed=33425800, external=18679086, loadavg=[0, 0, 0], uptime=822918.239917
Error: Cannot find module '../data/custoi.json'
    at Function.Module._resolveFilename (module.js:548:15)
    at Function.Module._load (module.js:475:25)
    at Module.require (module.js:597:17)
    at require (internal/module.js:11:18)
    at Object.<anonymous> (C:\Users\S533622\Documents\44563\ecommerce\utils\seeder.js:4:17)
    at Module._compile (module.js:653:30)
    at Object.Module._extensions..js (module.js:664:10)
    at Module.load (module.js:566:32)
    at tryModuleLoad (module.js:506:12)
    at Function.Module._load (module.js:498:3)
    at Module.require (module.js:597:17)
    at require (internal/module.js:11:18)
    at Object.<anonymous> (C:\Users\S533622\Documents\44563\ecommerce\app.js:73:1)
    at Module._compile (module.js:653:30)
    at Object.Module._extensions..js (module.js:664:10)
    at Module.load (module.js:566:32)
    at tryModuleLoad (module.js:506:12)
    at Function.Module._load (module.js:498:3)
    at Function.Module.runMain (module.js:694:10)
    at startup (bootstrap_node.js:204:16)
    at bootstrap_node.js:625:3
2018-11-13T04:40:25.630Z - debug: START routing
2018-11-13T04:40:25.630Z - debug: END routing
2018-11-13T04:40:25.630Z - info: Loaded routing.
2018-11-13T04:40:28.662Z - info: Environment variables loaded.
2018-11-13T04:40:28.750Z - error: uncaughtException: Cannot find module '../data/customers.json' date=Mon Nov 12 2018 22:40:28 GMT-0600 (Central Standard Time), pid=185228, uid=null, gid=null, cwd=C:\Users\S533622\Documents\44563\ecommerce, execPath=C:\Program Files\nodejs\node.exe, version=v8.12.0, argv=[C:\Program Files\nodejs\node.exe, C:\Users\S533622\Documents\44563\ecommerce\app.js], rss=73494528, heapTotal=63877120, heapUsed=31510032, external=18472455, loadavg=[0, 0, 0], uptime=822921.301351
Error: Cannot find module '../data/customers.json'
    at Function.Module._resolveFilename (module.js:548:15)
    at Function.Module._load (module.js:475:25)
    at Module.require (module.js:597:17)
    at require (internal/module.js:11:18)
    at Object.<anonymous> (C:\Users\S533622\Documents\44563\ecommerce\utils\seeder.js:8:19)
    at Module._compile (module.js:653:30)
    at Object.Module._extensions..js (module.js:664:10)
    at Module.load (module.js:566:32)
    at tryModuleLoad (module.js:506:12)
    at Function.Module._load (module.js:498:3)
    at Module.require (module.js:597:17)
    at require (internal/module.js:11:18)
    at Object.<anonymous> (C:\Users\S533622\Documents\44563\ecommerce\app.js:73:1)
    at Module._compile (module.js:653:30)
    at Object.Module._extensions..js (module.js:664:10)
    at Module.load (module.js:566:32)
    at tryModuleLoad (module.js:506:12)
    at Function.Module._load (module.js:498:3)
    at Function.Module.runMain (module.js:694:10)
    at startup (bootstrap_node.js:204:16)
    at bootstrap_node.js:625:3
2018-11-13T04:40:28.673Z - debug: START routing
2018-11-13T04:40:28.673Z - debug: END routing
2018-11-13T04:40:28.673Z - info: Loaded routing.
2018-11-13T04:40:49.706Z - error: uncaughtException: Cannot find module '../data/customers.json' date=Mon Nov 12 2018 22:40:49 GMT-0600 (Central Standard Time), pid=187600, uid=null, gid=null, cwd=C:\Users\S533622\Documents\44563\ecommerce, execPath=C:\Program Files\nodejs\node.exe, version=v8.12.0, argv=[C:\Program Files\nodejs\node.exe, C:\Users\S533622\Documents\44563\ecommerce\app.js], rss=73420800, heapTotal=62304256, heapUsed=33536296, external=18679086, loadavg=[0, 0, 0], uptime=822942.2542957
Error: Cannot find module '../data/customers.json'
    at Function.Module._resolveFilename (module.js:548:15)
    at Function.Module._load (module.js:475:25)
    at Module.require (module.js:597:17)
    at require (internal/module.js:11:18)
    at Object.<anonymous> (C:\Users\S533622\Documents\44563\ecommerce\utils\seeder.js:8:19)
    at Module._compile (module.js:653:30)
    at Object.Module._extensions..js (module.js:664:10)
    at Module.load (module.js:566:32)
    at tryModuleLoad (module.js:506:12)
    at Function.Module._load (module.js:498:3)
    at Module.require (module.js:597:17)
    at require (internal/module.js:11:18)
    at Object.<anonymous> (C:\Users\S533622\Documents\44563\ecommerce\app.js:73:1)
    at Module._compile (module.js:653:30)
    at Object.Module._extensions..js (module.js:664:10)
    at Module.load (module.js:566:32)
    at tryModuleLoad (module.js:506:12)
    at Function.Module._load (module.js:498:3)
    at Function.Module.runMain (module.js:694:10)
    at startup (bootstrap_node.js:204:16)
    at bootstrap_node.js:625:3
2018-11-13T04:40:49.641Z - info: Environment variables loaded.
2018-11-13T04:40:49.649Z - debug: START routing
2018-11-13T04:40:49.649Z - debug: END routing
2018-11-13T04:40:49.649Z - info: Loaded routing.
2018-11-13T04:41:11.782Z - info: Environment variables loaded.
2018-11-13T04:41:11.861Z - error: uncaughtException: Cannot find module '../data/products.json' date=Mon Nov 12 2018 22:41:11 GMT-0600 (Central Standard Time), pid=189200, uid=null, gid=null, cwd=C:\Users\S533622\Documents\44563\ecommerce, execPath=C:\Program Files\nodejs\node.exe, version=v8.12.0, argv=[C:\Program Files\nodejs\node.exe, C:\Users\S533622\Documents\44563\ecommerce\app.js], rss=72998912, heapTotal=62304256, heapUsed=33744400, external=18683860, loadavg=[0, 0, 0], uptime=822964.4108699
Error: Cannot find module '../data/products.json'
    at Function.Module._resolveFilename (module.js:548:15)
    at Function.Module._load (module.js:475:25)
    at Module.require (module.js:597:17)
    at require (internal/module.js:11:18)
    at Object.<anonymous> (C:\Users\S533622\Documents\44563\ecommerce\utils\seeder.js:9:18)
    at Module._compile (module.js:653:30)
    at Object.Module._extensions..js (module.js:664:10)
    at Module.load (module.js:566:32)
    at tryModuleLoad (module.js:506:12)
    at Function.Module._load (module.js:498:3)
    at Module.require (module.js:597:17)
    at require (internal/module.js:11:18)
    at Object.<anonymous> (C:\Users\S533622\Documents\44563\ecommerce\app.js:73:1)
    at Module._compile (module.js:653:30)
    at Object.Module._extensions..js (module.js:664:10)
    at Module.load (module.js:566:32)
    at tryModuleLoad (module.js:506:12)
    at Function.Module._load (module.js:498:3)
    at Function.Module.runMain (module.js:694:10)
    at startup (bootstrap_node.js:204:16)
    at bootstrap_node.js:625:3
2018-11-13T04:41:11.795Z - debug: START routing
2018-11-13T04:41:11.795Z - debug: END routing
2018-11-13T04:41:11.795Z - info: Loaded routing.
2018-11-13T04:41:13.992Z - error: uncaughtException: Cannot find module '../data/orders.json' date=Mon Nov 12 2018 22:41:13 GMT-0600 (Central Standard Time), pid=189348, uid=null, gid=null, cwd=C:\Users\S533622\Documents\44563\ecommerce, execPath=C:\Program Files\nodejs\node.exe, version=v8.12.0, argv=[C:\Program Files\nodejs\node.exe, C:\Users\S533622\Documents\44563\ecommerce\app.js], rss=73199616, heapTotal=62828544, heapUsed=32973376, external=18642631, loadavg=[0, 0, 0], uptime=822966.5432329
Error: Cannot find module '../data/orders.json'
    at Function.Module._resolveFilename (module.js:548:15)
    at Function.Module._load (module.js:475:25)
    at Module.require (module.js:597:17)
    at require (internal/module.js:11:18)
    at Object.<anonymous> (C:\Users\S533622\Documents\44563\ecommerce\utils\seeder.js:10:16)
    at Module._compile (module.js:653:30)
    at Object.Module._extensions..js (module.js:664:10)
    at Module.load (module.js:566:32)
    at tryModuleLoad (module.js:506:12)
    at Function.Module._load (module.js:498:3)
    at Module.require (module.js:597:17)
    at require (internal/module.js:11:18)
    at Object.<anonymous> (C:\Users\S533622\Documents\44563\ecommerce\app.js:73:1)
    at Module._compile (module.js:653:30)
    at Object.Module._extensions..js (module.js:664:10)
    at Module.load (module.js:566:32)
    at tryModuleLoad (module.js:506:12)
    at Function.Module._load (module.js:498:3)
    at Function.Module.runMain (module.js:694:10)
    at startup (bootstrap_node.js:204:16)
    at bootstrap_node.js:625:3
2018-11-13T04:41:13.925Z - info: Environment variables loaded.
2018-11-13T04:41:13.934Z - debug: START routing
2018-11-13T04:41:13.934Z - debug: END routing
2018-11-13T04:41:13.934Z - info: Loaded routing.
2018-11-13T04:41:17.781Z - error: uncaughtException: c is not defined date=Mon Nov 12 2018 22:41:17 GMT-0600 (Central Standard Time), pid=185276, uid=null, gid=null, cwd=C:\Users\S533622\Documents\44563\ecommerce, execPath=C:\Program Files\nodejs\node.exe, version=v8.12.0, argv=[C:\Program Files\nodejs\node.exe, C:\Users\S533622\Documents\44563\ecommerce\app.js], rss=73543680, heapTotal=63352832, heapUsed=33779448, external=18692052, loadavg=[0, 0, 0], uptime=822970.3302174
ReferenceError: c is not defined
    at Object.<anonymous> (C:\Users\S533622\Documents\44563\ecommerce\utils\seeder.js:10:1)
    at Module._compile (module.js:653:30)
    at Object.Module._extensions..js (module.js:664:10)
    at Module.load (module.js:566:32)
    at tryModuleLoad (module.js:506:12)
    at Function.Module._load (module.js:498:3)
    at Module.require (module.js:597:17)
    at require (internal/module.js:11:18)
    at Object.<anonymous> (C:\Users\S533622\Documents\44563\ecommerce\app.js:73:1)
    at Module._compile (module.js:653:30)
    at Object.Module._extensions..js (module.js:664:10)
    at Module.load (module.js:566:32)
    at tryModuleLoad (module.js:506:12)
    at Function.Module._load (module.js:498:3)
    at Function.Module.runMain (module.js:694:10)
    at startup (bootstrap_node.js:204:16)
    at bootstrap_node.js:625:3
2018-11-13T04:41:17.687Z - info: Environment variables loaded.
2018-11-13T04:41:17.699Z - debug: START routing
2018-11-13T04:41:17.699Z - debug: END routing
2018-11-13T04:41:17.699Z - info: Loaded routing.
2018-11-13T04:41:20.759Z - info: Environment variables loaded.
2018-11-13T04:41:20.844Z - error: uncaughtException: Cannot find module '../data/orderLineItems.json' date=Mon Nov 12 2018 22:41:20 GMT-0600 (Central Standard Time), pid=184880, uid=null, gid=null, cwd=C:\Users\S533622\Documents\44563\ecommerce, execPath=C:\Program Files\nodejs\node.exe, version=v8.12.0, argv=[C:\Program Files\nodejs\node.exe, C:\Users\S533622\Documents\44563\ecommerce\app.js], rss=73420800, heapTotal=62828544, heapUsed=34276352, external=18692052, loadavg=[0, 0, 0], uptime=822973.3877831
Error: Cannot find module '../data/orderLineItems.json'
    at Function.Module._resolveFilename (module.js:548:15)
    at Function.Module._load (module.js:475:25)
    at Module.require (module.js:597:17)
    at require (internal/module.js:11:18)
    at Object.<anonymous> (C:\Users\S533622\Documents\44563\ecommerce\utils\seeder.js:11:24)
    at Module._compile (module.js:653:30)
    at Object.Module._extensions..js (module.js:664:10)
    at Module.load (module.js:566:32)
    at tryModuleLoad (module.js:506:12)
    at Function.Module._load (module.js:498:3)
    at Module.require (module.js:597:17)
    at require (internal/module.js:11:18)
    at Object.<anonymous> (C:\Users\S533622\Documents\44563\ecommerce\app.js:73:1)
    at Module._compile (module.js:653:30)
    at Object.Module._extensions..js (module.js:664:10)
    at Module.load (module.js:566:32)
    at tryModuleLoad (module.js:506:12)
    at Function.Module._load (module.js:498:3)
    at Function.Module.runMain (module.js:694:10)
    at startup (bootstrap_node.js:204:16)
    at bootstrap_node.js:625:3
2018-11-13T04:41:20.767Z - debug: START routing
2018-11-13T04:41:20.768Z - debug: END routing
2018-11-13T04:41:20.768Z - info: Loaded routing.
2018-11-13T04:41:22.440Z - info: Environment variables loaded.
2018-11-13T04:41:22.525Z - error: uncaughtException: Cannot find module '../data/orderLineItems.json' date=Mon Nov 12 2018 22:41:22 GMT-0600 (Central Standard Time), pid=188840, uid=null, gid=null, cwd=C:\Users\S533622\Documents\44563\ecommerce, execPath=C:\Program Files\nodejs\node.exe, version=v8.12.0, argv=[C:\Program Files\nodejs\node.exe, C:\Users\S533622\Documents\44563\ecommerce\app.js], rss=73564160, heapTotal=62828544, heapUsed=34300168, external=18692052, loadavg=[0, 0, 0], uptime=822975.0507624
Error: Cannot find module '../data/orderLineItems.json'
    at Function.Module._resolveFilename (module.js:548:15)
    at Function.Module._load (module.js:475:25)
    at Module.require (module.js:597:17)
    at require (internal/module.js:11:18)
    at Object.<anonymous> (C:\Users\S533622\Documents\44563\ecommerce\utils\seeder.js:11:24)
    at Module._compile (module.js:653:30)
    at Object.Module._extensions..js (module.js:664:10)
    at Module.load (module.js:566:32)
    at tryModuleLoad (module.js:506:12)
    at Function.Module._load (module.js:498:3)
    at Module.require (module.js:597:17)
    at require (internal/module.js:11:18)
    at Object.<anonymous> (C:\Users\S533622\Documents\44563\ecommerce\app.js:73:1)
    at Module._compile (module.js:653:30)
    at Object.Module._extensions..js (module.js:664:10)
    at Module.load (module.js:566:32)
    at tryModuleLoad (module.js:506:12)
    at Function.Module._load (module.js:498:3)
    at Function.Module.runMain (module.js:694:10)
    at startup (bootstrap_node.js:204:16)
    at bootstrap_node.js:625:3
2018-11-13T04:41:22.448Z - debug: START routing
2018-11-13T04:41:22.448Z - debug: END routing
2018-11-13T04:41:22.448Z - info: Loaded routing.
2018-11-13T04:41:24.479Z - info: Environment variables loaded.
2018-11-13T04:41:24.551Z - error: uncaughtException: products is not defined date=Mon Nov 12 2018 22:41:24 GMT-0600 (Central Standard Time), pid=188672, uid=null, gid=null, cwd=C:\Users\S533622\Documents\44563\ecommerce, execPath=C:\Program Files\nodejs\node.exe, version=v8.12.0, argv=[C:\Program Files\nodejs\node.exe, C:\Users\S533622\Documents\44563\ecommerce\app.js], rss=73277440, heapTotal=62304256, heapUsed=34036936, external=18705546, loadavg=[0, 0, 0], uptime=822977.1003773
ReferenceError: products is not defined
    at module.exports (C:\Users\S533622\Documents\44563\ecommerce\utils\seeder.js:50:22)
    at Object.<anonymous> (C:\Users\S533622\Documents\44563\ecommerce\app.js:73:29)
    at Module._compile (module.js:653:30)
    at Object.Module._extensions..js (module.js:664:10)
    at Module.load (module.js:566:32)
    at tryModuleLoad (module.js:506:12)
    at Function.Module._load (module.js:498:3)
    at Function.Module.runMain (module.js:694:10)
    at startup (bootstrap_node.js:204:16)
    at bootstrap_node.js:625:3
2018-11-13T04:41:24.487Z - debug: START routing
2018-11-13T04:41:24.488Z - debug: END routing
2018-11-13T04:41:24.488Z - info: Loaded routing.
2018-11-13T04:41:24.517Z - info: START seeder.
2018-11-13T04:41:24.520Z - debug: 5 puppies seeded
2018-11-13T04:41:24.522Z - debug: 5 customers seeded
2018-11-13T04:41:35.917Z - info: Environment variables loaded.
2018-11-13T04:41:35.993Z - error: uncaughtException: products is not defined date=Mon Nov 12 2018 22:41:35 GMT-0600 (Central Standard Time), pid=189508, uid=null, gid=null, cwd=C:\Users\S533622\Documents\44563\ecommerce, execPath=C:\Program Files\nodejs\node.exe, version=v8.12.0, argv=[C:\Program Files\nodejs\node.exe, C:\Users\S533622\Documents\44563\ecommerce\app.js], rss=73265152, heapTotal=63352832, heapUsed=33281760, external=18637138, loadavg=[0, 0, 0], uptime=822988.5428772
ReferenceError: products is not defined
    at module.exports (C:\Users\S533622\Documents\44563\ecommerce\utils\seeder.js:50:22)
    at Object.<anonymous> (C:\Users\S533622\Documents\44563\ecommerce\app.js:73:29)
    at Module._compile (module.js:653:30)
    at Object.Module._extensions..js (module.js:664:10)
    at Module.load (module.js:566:32)
    at tryModuleLoad (module.js:506:12)
    at Function.Module._load (module.js:498:3)
    at Function.Module.runMain (module.js:694:10)
    at startup (bootstrap_node.js:204:16)
    at bootstrap_node.js:625:3
2018-11-13T04:41:35.925Z - debug: START routing
2018-11-13T04:41:35.925Z - debug: END routing
2018-11-13T04:41:35.925Z - info: Loaded routing.
2018-11-13T04:41:35.951Z - info: START seeder.
2018-11-13T04:41:35.956Z - debug: 5 puppies seeded
2018-11-13T04:41:35.960Z - debug: 5 customers seeded
2018-11-13T04:42:07.094Z - info: Environment variables loaded.
2018-11-13T04:42:07.171Z - error: uncaughtException: puppies is not defined date=Mon Nov 12 2018 22:42:07 GMT-0600 (Central Standard Time), pid=190360, uid=null, gid=null, cwd=C:\Users\S533622\Documents\44563\ecommerce, execPath=C:\Program Files\nodejs\node.exe, version=v8.12.0, argv=[C:\Program Files\nodejs\node.exe, C:\Users\S533622\Documents\44563\ecommerce\app.js], rss=73187328, heapTotal=63352832, heapUsed=34441968, external=18700872, loadavg=[0, 0, 0], uptime=823019.7190143
ReferenceError: puppies is not defined
    at module.exports (C:\Users\S533622\Documents\44563\ecommerce\utils\seeder.js:23:21)
    at Object.<anonymous> (C:\Users\S533622\Documents\44563\ecommerce\app.js:73:29)
    at Module._compile (module.js:653:30)
    at Object.Module._extensions..js (module.js:664:10)
    at Module.load (module.js:566:32)
    at tryModuleLoad (module.js:506:12)
    at Function.Module._load (module.js:498:3)
    at Function.Module.runMain (module.js:694:10)
    at startup (bootstrap_node.js:204:16)
    at bootstrap_node.js:625:3
2018-11-13T04:42:07.103Z - debug: START routing
2018-11-13T04:42:07.103Z - debug: END routing
2018-11-13T04:42:07.103Z - info: Loaded routing.
2018-11-13T04:42:07.137Z - info: START seeder.
2018-11-13T04:42:30.032Z - info: Environment variables loaded.
2018-11-13T04:42:30.118Z - error: uncaughtException: puppies is not defined date=Mon Nov 12 2018 22:42:30 GMT-0600 (Central Standard Time), pid=193336, uid=null, gid=null, cwd=C:\Users\S533622\Documents\44563\ecommerce, execPath=C:\Program Files\nodejs\node.exe, version=v8.12.0, argv=[C:\Program Files\nodejs\node.exe, C:\Users\S533622\Documents\44563\ecommerce\app.js], rss=72466432, heapTotal=61255680, heapUsed=41281080, external=19882695, loadavg=[0, 0, 0], uptime=823042.662882
ReferenceError: puppies is not defined
    at module.exports (C:\Users\S533622\Documents\44563\ecommerce\utils\seeder.js:23:21)
    at Object.<anonymous> (C:\Users\S533622\Documents\44563\ecommerce\app.js:73:29)
    at Module._compile (module.js:653:30)
    at Object.Module._extensions..js (module.js:664:10)
    at Module.load (module.js:566:32)
    at tryModuleLoad (module.js:506:12)
    at Function.Module._load (module.js:498:3)
    at Function.Module.runMain (module.js:694:10)
    at startup (bootstrap_node.js:204:16)
    at bootstrap_node.js:625:3
2018-11-13T04:42:30.041Z - debug: START routing
2018-11-13T04:42:30.041Z - debug: END routing
2018-11-13T04:42:30.041Z - info: Loaded routing.
2018-11-13T04:42:30.078Z - info: START seeder.
2018-11-13T04:42:37.124Z - info: Environment variables loaded.
2018-11-13T04:42:37.209Z - error: uncaughtException: puppies is not defined date=Mon Nov 12 2018 22:42:37 GMT-0600 (Central Standard Time), pid=114176, uid=null, gid=null, cwd=C:\Users\S533622\Documents\44563\ecommerce, execPath=C:\Program Files\nodejs\node.exe, version=v8.12.0, argv=[C:\Program Files\nodejs\node.exe, C:\Users\S533622\Documents\44563\ecommerce\app.js], rss=73252864, heapTotal=62828544, heapUsed=33661000, external=18687906, loadavg=[0, 0, 0], uptime=823049.7587713
ReferenceError: puppies is not defined
    at module.exports (C:\Users\S533622\Documents\44563\ecommerce\utils\seeder.js:23:21)
    at Object.<anonymous> (C:\Users\S533622\Documents\44563\ecommerce\app.js:73:29)
    at Module._compile (module.js:653:30)
    at Object.Module._extensions..js (module.js:664:10)
    at Module.load (module.js:566:32)
    at tryModuleLoad (module.js:506:12)
    at Function.Module._load (module.js:498:3)
    at Function.Module.runMain (module.js:694:10)
    at startup (bootstrap_node.js:204:16)
    at bootstrap_node.js:625:3
2018-11-13T04:42:37.132Z - debug: START routing
2018-11-13T04:42:37.132Z - debug: END routing
2018-11-13T04:42:37.132Z - info: Loaded routing.
2018-11-13T04:42:37.177Z - info: START seeder.
2018-11-13T04:43:29.081Z - info: Environment variables loaded.
2018-11-13T04:43:29.164Z - error: uncaughtException: puppies is not defined date=Mon Nov 12 2018 22:43:29 GMT-0600 (Central Standard Time), pid=191944, uid=null, gid=null, cwd=C:\Users\S533622\Documents\44563\ecommerce, execPath=C:\Program Files\nodejs\node.exe, version=v8.12.0, argv=[C:\Program Files\nodejs\node.exe, C:\Users\S533622\Documents\44563\ecommerce\app.js], rss=73195520, heapTotal=63352832, heapUsed=33198608, external=18651451, loadavg=[0, 0, 0], uptime=823101.7080724
ReferenceError: puppies is not defined
    at module.exports (C:\Users\S533622\Documents\44563\ecommerce\utils\seeder.js:26:40)
    at Object.<anonymous> (C:\Users\S533622\Documents\44563\ecommerce\app.js:73:29)
    at Module._compile (module.js:653:30)
    at Object.Module._extensions..js (module.js:664:10)
    at Module.load (module.js:566:32)
    at tryModuleLoad (module.js:506:12)
    at Function.Module._load (module.js:498:3)
    at Function.Module.runMain (module.js:694:10)
    at startup (bootstrap_node.js:204:16)
    at bootstrap_node.js:625:3
2018-11-13T04:43:29.088Z - debug: START routing
2018-11-13T04:43:29.089Z - debug: END routing
2018-11-13T04:43:29.089Z - info: Loaded routing.
2018-11-13T04:43:29.118Z - info: START seeder.
2018-11-13T04:43:31.413Z - info: Environment variables loaded.
2018-11-13T04:43:31.474Z - error: uncaughtException: puppies is not defined date=Mon Nov 12 2018 22:43:31 GMT-0600 (Central Standard Time), pid=193492, uid=null, gid=null, cwd=C:\Users\S533622\Documents\44563\ecommerce, execPath=C:\Program Files\nodejs\node.exe, version=v8.12.0, argv=[C:\Program Files\nodejs\node.exe, C:\Users\S533622\Documents\44563\ecommerce\app.js], rss=73396224, heapTotal=62828544, heapUsed=33652800, external=18687906, loadavg=[0, 0, 0], uptime=823104.0257209
ReferenceError: puppies is not defined
    at module.exports (C:\Users\S533622\Documents\44563\ecommerce\utils\seeder.js:26:40)
    at Object.<anonymous> (C:\Users\S533622\Documents\44563\ecommerce\app.js:73:29)
    at Module._compile (module.js:653:30)
    at Object.Module._extensions..js (module.js:664:10)
    at Module.load (module.js:566:32)
    at tryModuleLoad (module.js:506:12)
    at Function.Module._load (module.js:498:3)
    at Function.Module.runMain (module.js:694:10)
    at startup (bootstrap_node.js:204:16)
    at bootstrap_node.js:625:3
2018-11-13T04:43:31.421Z - debug: START routing
2018-11-13T04:43:31.421Z - debug: END routing
2018-11-13T04:43:31.421Z - info: Loaded routing.
2018-11-13T04:43:31.448Z - info: START seeder.
2018-11-13T04:43:33.391Z - info: Environment variables loaded.
2018-11-13T04:43:33.464Z - error: uncaughtException: Cannot read property 'find' of undefined date=Mon Nov 12 2018 22:43:33 GMT-0600 (Central Standard Time), pid=194220, uid=null, gid=null, cwd=C:\Users\S533622\Documents\44563\ecommerce, execPath=C:\Program Files\nodejs\node.exe, version=v8.12.0, argv=[C:\Program Files\nodejs\node.exe, C:\Users\S533622\Documents\44563\ecommerce\app.js], rss=73719808, heapTotal=62828544, heapUsed=33695440, external=18683860, loadavg=[0, 0, 0], uptime=823106.0161971
TypeError: Cannot read property 'find' of undefined
    at module.exports (C:\Users\S533622\Documents\44563\ecommerce\utils\seeder.js:26:35)
    at Object.<anonymous> (C:\Users\S533622\Documents\44563\ecommerce\app.js:73:29)
    at Module._compile (module.js:653:30)
    at Object.Module._extensions..js (module.js:664:10)
    at Module.load (module.js:566:32)
    at tryModuleLoad (module.js:506:12)
    at Function.Module._load (module.js:498:3)
    at Function.Module.runMain (module.js:694:10)
    at startup (bootstrap_node.js:204:16)
    at bootstrap_node.js:625:3
2018-11-13T04:43:33.399Z - debug: START routing
2018-11-13T04:43:33.400Z - debug: END routing
2018-11-13T04:43:33.400Z - info: Loaded routing.
2018-11-13T04:43:33.440Z - info: START seeder.
2018-11-13T04:43:39.659Z - info: Environment variables loaded.
2018-11-13T04:43:39.720Z - error: uncaughtException: Cannot read property 'query' of undefined date=Mon Nov 12 2018 22:43:39 GMT-0600 (Central Standard Time), pid=184596, uid=null, gid=null, cwd=C:\Users\S533622\Documents\44563\ecommerce, execPath=C:\Program Files\nodejs\node.exe, version=v8.12.0, argv=[C:\Program Files\nodejs\node.exe, C:\Users\S533622\Documents\44563\ecommerce\app.js], rss=73175040, heapTotal=62304256, heapUsed=34295672, external=18692052, loadavg=[0, 0, 0], uptime=823112.2725272
TypeError: Cannot read property 'query' of undefined
    at module.exports (C:\Users\S533622\Documents\44563\ecommerce\utils\seeder.js:27:35)
    at Object.<anonymous> (C:\Users\S533622\Documents\44563\ecommerce\app.js:73:29)
    at Module._compile (module.js:653:30)
    at Object.Module._extensions..js (module.js:664:10)
    at Module.load (module.js:566:32)
    at tryModuleLoad (module.js:506:12)
    at Function.Module._load (module.js:498:3)
    at Function.Module.runMain (module.js:694:10)
    at startup (bootstrap_node.js:204:16)
    at bootstrap_node.js:625:3
2018-11-13T04:43:39.667Z - debug: START routing
2018-11-13T04:43:39.667Z - debug: END routing
2018-11-13T04:43:39.667Z - info: Loaded routing.
2018-11-13T04:43:39.696Z - info: START seeder.
2018-11-13T04:43:44.124Z - error: uncaughtException: products is not defined date=Mon Nov 12 2018 22:43:44 GMT-0600 (Central Standard Time), pid=195408, uid=null, gid=null, cwd=C:\Users\S533622\Documents\44563\ecommerce, execPath=C:\Program Files\nodejs\node.exe, version=v8.12.0, argv=[C:\Program Files\nodejs\node.exe, C:\Users\S533622\Documents\44563\ecommerce\app.js], rss=73781248, heapTotal=63352832, heapUsed=33431040, external=18660271, loadavg=[0, 0, 0], uptime=823116.6754044
ReferenceError: products is not defined
    at module.exports (C:\Users\S533622\Documents\44563\ecommerce\utils\seeder.js:50:22)
    at Object.<anonymous> (C:\Users\S533622\Documents\44563\ecommerce\app.js:73:29)
    at Module._compile (module.js:653:30)
    at Object.Module._extensions..js (module.js:664:10)
    at Module.load (module.js:566:32)
    at tryModuleLoad (module.js:506:12)
    at Function.Module._load (module.js:498:3)
    at Function.Module.runMain (module.js:694:10)
    at startup (bootstrap_node.js:204:16)
    at bootstrap_node.js:625:3
2018-11-13T04:43:44.052Z - info: Environment variables loaded.
2018-11-13T04:43:44.061Z - debug: START routing
2018-11-13T04:43:44.061Z - debug: END routing
2018-11-13T04:43:44.061Z - info: Loaded routing.
2018-11-13T04:43:44.091Z - info: START seeder.
2018-11-13T04:43:44.097Z - debug: 5 customers seeded
2018-11-13T04:44:23.935Z - info: Environment variables loaded.
2018-11-13T04:44:24.003Z - error: uncaughtException: products is not defined date=Mon Nov 12 2018 22:44:23 GMT-0600 (Central Standard Time), pid=195156, uid=null, gid=null, cwd=C:\Users\S533622\Documents\44563\ecommerce, execPath=C:\Program Files\nodejs\node.exe, version=v8.12.0, argv=[C:\Program Files\nodejs\node.exe, C:\Users\S533622\Documents\44563\ecommerce\app.js], rss=72929280, heapTotal=61255680, heapUsed=41425104, external=19891515, loadavg=[0, 0, 0], uptime=823156.5534136
ReferenceError: products is not defined
    at module.exports (C:\Users\S533622\Documents\44563\ecommerce\utils\seeder.js:50:22)
    at Object.<anonymous> (C:\Users\S533622\Documents\44563\ecommerce\app.js:73:29)
    at Module._compile (module.js:653:30)
    at Object.Module._extensions..js (module.js:664:10)
    at Module.load (module.js:566:32)
    at tryModuleLoad (module.js:506:12)
    at Function.Module._load (module.js:498:3)
    at Function.Module.runMain (module.js:694:10)
    at startup (bootstrap_node.js:204:16)
    at bootstrap_node.js:625:3
2018-11-13T04:44:23.943Z - debug: START routing
2018-11-13T04:44:23.944Z - debug: END routing
2018-11-13T04:44:23.944Z - info: Loaded routing.
2018-11-13T04:44:23.972Z - info: START seeder.
2018-11-13T04:44:23.976Z - debug: 5 customers seeded
2018-11-13T04:44:30.467Z - info: Environment variables loaded.
2018-11-13T04:44:30.507Z - error: uncaughtException: Invalid or unexpected token date=Mon Nov 12 2018 22:44:30 GMT-0600 (Central Standard Time), pid=195596, uid=null, gid=null, cwd=C:\Users\S533622\Documents\44563\ecommerce, execPath=C:\Program Files\nodejs\node.exe, version=v8.12.0, argv=[C:\Program Files\nodejs\node.exe, C:\Users\S533622\Documents\44563\ecommerce\app.js], rss=71655424, heapTotal=60731392, heapUsed=40643744, external=19809402, loadavg=[0, 0, 0], uptime=823163.0579523
C:\Users\S533622\Documents\44563\ecommerce\utils\seeder.js:45
/*
^^

SyntaxError: Invalid or unexpected token
    at createScript (vm.js:80:10)
    at Object.runInThisContext (vm.js:139:10)
    at Module._compile (module.js:617:28)
    at Object.Module._extensions..js (module.js:664:10)
    at Module.load (module.js:566:32)
    at tryModuleLoad (module.js:506:12)
    at Function.Module._load (module.js:498:3)
    at Module.require (module.js:597:17)
    at require (internal/module.js:11:18)
    at Object.<anonymous> (C:\Users\S533622\Documents\44563\ecommerce\app.js:73:1)
    at Module._compile (module.js:653:30)
    at Object.Module._extensions..js (module.js:664:10)
    at Module.load (module.js:566:32)
    at tryModuleLoad (module.js:506:12)
    at Function.Module._load (module.js:498:3)
    at Function.Module.runMain (module.js:694:10)
    at startup (bootstrap_node.js:204:16)
    at bootstrap_node.js:625:3
2018-11-13T04:44:30.477Z - debug: START routing
2018-11-13T04:44:30.477Z - debug: END routing
2018-11-13T04:44:30.477Z - info: Loaded routing.
2018-11-13T04:44:37.769Z - info: Environment variables loaded.
2018-11-13T04:44:37.777Z - debug: START routing
2018-11-13T04:44:37.778Z - debug: END routing
2018-11-13T04:44:37.778Z - info: Loaded routing.
2018-11-13T04:44:37.803Z - info: START seeder.
2018-11-13T04:44:37.806Z - debug: 5 customers seeded
2018-11-13T04:44:37.806Z - info: END Seeder. Sample data read and verified.
2018-11-13T04:44:52.646Z - info: Environment variables loaded.
2018-11-13T04:44:52.654Z - debug: START routing
2018-11-13T04:44:52.654Z - debug: END routing
2018-11-13T04:44:52.654Z - info: Loaded routing.
2018-11-13T04:44:52.687Z - info: START seeder.
2018-11-13T04:44:52.693Z - debug: 5 customers seeded
2018-11-13T04:44:52.693Z - info: END Seeder. Sample data read and verified.
2018-11-13T05:01:20.358Z - info: Environment variables loaded.
2018-11-13T05:01:20.365Z - debug: START routing
2018-11-13T05:01:20.365Z - debug: END routing
2018-11-13T05:01:20.365Z - info: Loaded routing.
2018-11-13T05:01:20.390Z - info: START seeder.
2018-11-13T05:01:20.392Z - debug: 5 customers seeded
2018-11-13T05:01:20.392Z - info: END Seeder. Sample data read and verified.
<<<<<<< HEAD
2018-11-13T22:34:28.092Z - info: Environment variables loaded.
2018-11-13T22:34:28.109Z - debug: START routing
2018-11-13T22:34:28.110Z - debug: END routing
2018-11-13T22:34:28.110Z - info: Loaded routing.
2018-11-13T22:34:28.146Z - info: START seeder.
2018-11-13T22:34:28.149Z - debug: 5 customers seeded
2018-11-13T22:34:28.149Z - info: END Seeder. Sample data read and verified.
2018-11-13T22:35:32.798Z - info: Environment variables loaded.
2018-11-13T22:35:32.807Z - debug: START routing
2018-11-13T22:35:32.807Z - debug: END routing
2018-11-13T22:35:32.807Z - info: Loaded routing.
2018-11-13T22:35:32.837Z - info: START seeder.
2018-11-13T22:35:32.840Z - debug: 5 customers seeded
2018-11-13T22:35:32.840Z - info: END Seeder. Sample data read and verified.
=======
2018-11-14T01:21:45.148Z - info: Environment variables loaded.
2018-11-14T01:21:45.170Z - debug: START routing
2018-11-14T01:21:45.172Z - debug: END routing
2018-11-14T01:21:45.172Z - info: Loaded routing.
2018-11-14T01:21:45.234Z - info: START seeder.
2018-11-14T01:21:45.241Z - debug: 5 customers seeded
2018-11-14T01:21:45.241Z - info: END Seeder. Sample data read and verified.
2018-11-14T01:24:08.335Z - error: uncaughtException: products is not defined date=Tue Nov 13 2018 19:24:08 GMT-0600 (Central Standard Time), pid=16228, uid=null, gid=null, cwd=C:\Users\S533909\44563\ecommerce, execPath=C:\Program Files\nodejs\node.exe, version=v8.12.0, argv=[C:\Program Files\nodejs\node.exe, C:\Users\S533909\44563\ecommerce\app.js], rss=72409088, heapTotal=61329408, heapUsed=41334264, external=19924735, loadavg=[0, 0, 0], uptime=29016.838173
ReferenceError: products is not defined
    at module.exports (C:\Users\S533909\44563\ecommerce\utils\seeder.js:50:22)
    at Object.<anonymous> (C:\Users\S533909\44563\ecommerce\app.js:73:29)
    at Module._compile (module.js:653:30)
    at Object.Module._extensions..js (module.js:664:10)
    at Module.load (module.js:566:32)
    at tryModuleLoad (module.js:506:12)
    at Function.Module._load (module.js:498:3)
    at Function.Module.runMain (module.js:694:10)
    at startup (bootstrap_node.js:204:16)
    at bootstrap_node.js:625:3
2018-11-14T01:24:08.258Z - info: Environment variables loaded.
2018-11-14T01:24:08.270Z - debug: START routing
2018-11-14T01:24:08.270Z - debug: END routing
2018-11-14T01:24:08.271Z - info: Loaded routing.
2018-11-14T01:24:08.307Z - info: START seeder.
2018-11-14T01:27:35.290Z - info: Environment variables loaded.
2018-11-14T01:27:35.306Z - debug: START routing
2018-11-14T01:27:35.307Z - debug: END routing
2018-11-14T01:27:35.307Z - info: Loaded routing.
2018-11-14T01:27:35.365Z - info: START seeder.
2018-11-14T01:27:35.371Z - debug: 2 products seeded
2018-11-14T01:36:05.463Z - info: Environment variables loaded.
2018-11-14T01:36:05.550Z - error: uncaughtException: C:\Users\S533909\44563\ecommerce\data\products.json: Unexpected token ] in JSON at position 562 date=Tue Nov 13 2018 19:36:05 GMT-0600 (Central Standard Time), pid=10760, uid=null, gid=null, cwd=C:\Users\S533909\44563\ecommerce, execPath=C:\Program Files\nodejs\node.exe, version=v8.12.0, argv=[C:\Program Files\nodejs\node.exe, C:\Users\S533909\44563\ecommerce\app.js], rss=73052160, heapTotal=62902272, heapUsed=31941712, external=18565384, loadavg=[0, 0, 0], uptime=29734.0535708
SyntaxError: C:\Users\S533909\44563\ecommerce\data\products.json: Unexpected token ] in JSON at position 562
    at JSON.parse (<anonymous>)
    at Object.Module._extensions..json (module.js:672:27)
    at Module.load (module.js:566:32)
    at tryModuleLoad (module.js:506:12)
    at Function.Module._load (module.js:498:3)
    at Module.require (module.js:597:17)
    at require (internal/module.js:11:18)
    at Object.<anonymous> (C:\Users\S533909\44563\ecommerce\utils\seeder.js:9:18)
    at Module._compile (module.js:653:30)
    at Object.Module._extensions..js (module.js:664:10)
    at Module.load (module.js:566:32)
    at tryModuleLoad (module.js:506:12)
    at Function.Module._load (module.js:498:3)
    at Module.require (module.js:597:17)
    at require (internal/module.js:11:18)
    at Object.<anonymous> (C:\Users\S533909\44563\ecommerce\app.js:73:1)
    at Module._compile (module.js:653:30)
    at Object.Module._extensions..js (module.js:664:10)
    at Module.load (module.js:566:32)
    at tryModuleLoad (module.js:506:12)
    at Function.Module._load (module.js:498:3)
    at Function.Module.runMain (module.js:694:10)
2018-11-14T01:36:05.480Z - debug: START routing
2018-11-14T01:36:05.481Z - debug: END routing
2018-11-14T01:36:05.481Z - info: Loaded routing.
2018-11-14T01:36:48.740Z - info: Environment variables loaded.
2018-11-14T01:36:48.754Z - debug: START routing
2018-11-14T01:36:48.755Z - debug: END routing
2018-11-14T01:36:48.755Z - info: Loaded routing.
2018-11-14T01:36:48.791Z - info: START seeder.
2018-11-14T01:36:48.797Z - debug: 4 products seeded
2018-11-14T02:04:18.388Z - info: Environment variables loaded.
2018-11-14T02:04:18.404Z - debug: START routing
2018-11-14T02:04:18.405Z - debug: END routing
2018-11-14T02:04:18.405Z - info: Loaded routing.
2018-11-14T02:04:18.463Z - info: START seeder.
2018-11-14T02:04:18.469Z - debug: 4 products seeded
2018-11-14T02:10:40.031Z - info: Environment variables loaded.
2018-11-14T02:10:40.048Z - debug: START routing
2018-11-14T02:10:40.049Z - debug: END routing
2018-11-14T02:10:40.049Z - info: Loaded routing.
2018-11-14T02:10:40.103Z - info: START seeder.
2018-11-14T02:10:40.110Z - debug: 6 products seeded
2018-11-14T02:14:16.702Z - info: Environment variables loaded.
2018-11-14T02:14:16.711Z - debug: START routing
2018-11-14T02:14:16.712Z - debug: END routing
2018-11-14T02:14:16.712Z - info: Loaded routing.
2018-11-14T02:14:16.739Z - info: START seeder.
2018-11-14T02:14:16.743Z - debug: 6 products seeded
>>>>>>> 53d7b156a4a8a37ca05c634d15e1f1d0209e8c3a
<<<<<<< HEAD
2018-11-15T21:09:03.225Z - info: Environment variables loaded.
2018-11-15T21:09:03.289Z - error: uncaughtException: Cannot find module '../controllers/controller.js' date=Thu Nov 15 2018 15:09:03 GMT-0600 (Central Standard Time), pid=198204, uid=null, gid=null, cwd=C:\Users\S533622\Documents\44563\ecommerce, execPath=C:\Program Files\nodejs\node.exe, version=v8.12.0, argv=[C:\Program Files\nodejs\node.exe, C:\Users\S533622\Documents\44563\ecommerce\app.js], rss=70914048, heapTotal=60731392, heapUsed=39666848, external=19682808, loadavg=[0, 0, 0], uptime=1055035.8205575
Error: Cannot find module '../controllers/controller.js'
    at Function.Module._resolveFilename (module.js:548:15)
    at Function.Module._load (module.js:475:25)
    at Module.require (module.js:597:17)
    at require (internal/module.js:11:18)
    at Object.<anonymous> (C:\Users\S533622\Documents\44563\ecommerce\routes\index.js:45:26)
    at Module._compile (module.js:653:30)
    at Object.Module._extensions..js (module.js:664:10)
    at Module.load (module.js:566:32)
    at tryModuleLoad (module.js:506:12)
    at Function.Module._load (module.js:498:3)
    at Module.require (module.js:597:17)
    at require (internal/module.js:11:18)
    at Object.<anonymous> (C:\Users\S533622\Documents\44563\ecommerce\app.js:66:16)
    at Module._compile (module.js:653:30)
    at Object.Module._extensions..js (module.js:664:10)
    at Module.load (module.js:566:32)
    at tryModuleLoad (module.js:506:12)
    at Function.Module._load (module.js:498:3)
    at Function.Module.runMain (module.js:694:10)
    at startup (bootstrap_node.js:204:16)
    at bootstrap_node.js:625:3
2018-11-15T21:09:03.241Z - debug: START routing
2018-11-15T21:11:24.104Z - info: Environment variables loaded.
2018-11-15T21:11:24.150Z - error: uncaughtException: Cannot find module '../controllers/controller.js' date=Thu Nov 15 2018 15:11:24 GMT-0600 (Central Standard Time), pid=55228, uid=null, gid=null, cwd=C:\Users\S533622\Documents\44563\ecommerce, execPath=C:\Program Files\nodejs\node.exe, version=v8.12.0, argv=[C:\Program Files\nodejs\node.exe, C:\Users\S533622\Documents\44563\ecommerce\app.js], rss=72941568, heapTotal=62828544, heapUsed=32920904, external=18500985, loadavg=[0, 0, 0], uptime=1055176.6829042
Error: Cannot find module '../controllers/controller.js'
    at Function.Module._resolveFilename (module.js:548:15)
    at Function.Module._load (module.js:475:25)
    at Module.require (module.js:597:17)
    at require (internal/module.js:11:18)
    at Object.<anonymous> (C:\Users\S533622\Documents\44563\ecommerce\routes\index.js:45:26)
    at Module._compile (module.js:653:30)
    at Object.Module._extensions..js (module.js:664:10)
    at Module.load (module.js:566:32)
    at tryModuleLoad (module.js:506:12)
    at Function.Module._load (module.js:498:3)
    at Module.require (module.js:597:17)
    at require (internal/module.js:11:18)
    at Object.<anonymous> (C:\Users\S533622\Documents\44563\ecommerce\app.js:66:16)
    at Module._compile (module.js:653:30)
    at Object.Module._extensions..js (module.js:664:10)
    at Module.load (module.js:566:32)
    at tryModuleLoad (module.js:506:12)
    at Function.Module._load (module.js:498:3)
    at Function.Module.runMain (module.js:694:10)
    at startup (bootstrap_node.js:204:16)
    at bootstrap_node.js:625:3
2018-11-15T21:11:24.111Z - debug: START routing
=======
2018-11-15T23:01:18.677Z - info: Environment variables loaded.
2018-11-15T23:01:18.684Z - debug: START routing
2018-11-15T23:01:18.686Z - debug: END routing
2018-11-15T23:01:18.686Z - info: Loaded routing.
2018-11-15T23:01:18.711Z - info: START seeder.
2018-11-15T23:01:18.714Z - debug: 6 products seeded
2018-11-15T23:01:33.741Z - debug: GET /
2018-11-15T23:01:33.747Z - debug: Request to /
2018-11-15T23:01:33.945Z - debug: GET /favicon.ico
2018-11-15T23:08:02.214Z - info: Environment variables loaded.
2018-11-15T23:08:02.222Z - debug: START routing
2018-11-15T23:08:02.222Z - debug: END routing
2018-11-15T23:08:02.222Z - info: Loaded routing.
2018-11-15T23:08:02.247Z - info: START seeder.
2018-11-15T23:08:02.250Z - debug: 6 products seeded
2018-11-15T23:08:20.529Z - debug: GET /
2018-11-15T23:08:20.533Z - debug: Request to /
2018-11-15T23:08:23.522Z - debug: GET /
2018-11-15T23:08:23.522Z - debug: Request to /
2018-11-15T23:08:24.162Z - debug: GET /
2018-11-15T23:08:24.164Z - debug: Request to /
2018-11-15T23:08:24.642Z - debug: GET /
2018-11-15T23:08:24.643Z - debug: Request to /
2018-11-15T23:08:24.929Z - debug: GET /
2018-11-15T23:08:24.930Z - debug: Request to /
2018-11-15T23:08:25.116Z - debug: GET /
2018-11-15T23:08:25.117Z - debug: Request to /
2018-11-15T23:08:25.297Z - debug: GET /
2018-11-15T23:08:25.298Z - debug: Request to /
2018-11-15T23:08:25.563Z - debug: GET /
2018-11-15T23:08:25.564Z - debug: Request to /
2018-11-15T23:08:25.725Z - debug: GET /
2018-11-15T23:08:25.726Z - debug: Request to /
2018-11-15T23:08:25.921Z - debug: GET /
2018-11-15T23:08:25.923Z - debug: Request to /
2018-11-15T23:08:26.111Z - debug: GET /
2018-11-15T23:08:26.113Z - debug: Request to /
>>>>>>> cec845039ec8088a9c017ebcd305c1c2e0c7a966
2018-11-19T22:19:40.647Z - info: Environment variables loaded.
2018-11-19T22:19:40.678Z - error: uncaughtException: Cannot find module '../controllers/controller.js' date=Mon Nov 19 2018 16:19:40 GMT-0600 (Central Standard Time), pid=7288, uid=null, gid=null, cwd=C:\Users\S533622\Documents\44563\ecommerce, execPath=C:\Program Files\nodejs\node.exe, version=v8.12.0, argv=[C:\Program Files\nodejs\node.exe, C:\Users\S533622\Documents\44563\ecommerce\app.js], rss=72728576, heapTotal=62304256, heapUsed=32184928, external=18488019, loadavg=[0, 0, 0], uptime=19533.1724058
Error: Cannot find module '../controllers/controller.js'
    at Function.Module._resolveFilename (module.js:548:15)
    at Function.Module._load (module.js:475:25)
    at Module.require (module.js:597:17)
    at require (internal/module.js:11:18)
    at Object.<anonymous> (C:\Users\S533622\Documents\44563\ecommerce\routes\index.js:45:26)
    at Module._compile (module.js:653:30)
    at Object.Module._extensions..js (module.js:664:10)
    at Module.load (module.js:566:32)
    at tryModuleLoad (module.js:506:12)
    at Function.Module._load (module.js:498:3)
    at Module.require (module.js:597:17)
    at require (internal/module.js:11:18)
    at Object.<anonymous> (C:\Users\S533622\Documents\44563\ecommerce\app.js:66:16)
    at Module._compile (module.js:653:30)
    at Object.Module._extensions..js (module.js:664:10)
    at Module.load (module.js:566:32)
    at tryModuleLoad (module.js:506:12)
    at Function.Module._load (module.js:498:3)
    at Function.Module.runMain (module.js:694:10)
    at startup (bootstrap_node.js:204:16)
    at bootstrap_node.js:625:3
2018-11-19T22:19:40.659Z - debug: START routing
2018-11-19T22:22:42.684Z - info: Environment variables loaded.
2018-11-19T22:22:42.721Z - error: uncaughtException: Cannot find module '../controllers/cust.js' date=Mon Nov 19 2018 16:22:42 GMT-0600 (Central Standard Time), pid=22728, uid=null, gid=null, cwd=C:\Users\S533622\Documents\44563\ecommerce, execPath=C:\Program Files\nodejs\node.exe, version=v8.12.0, argv=[C:\Program Files\nodejs\node.exe, C:\Users\S533622\Documents\44563\ecommerce\app.js], rss=72810496, heapTotal=62828544, heapUsed=32104688, external=18488019, loadavg=[0, 0, 0], uptime=19715.2111181
Error: Cannot find module '../controllers/cust.js'
    at Function.Module._resolveFilename (module.js:548:15)
    at Function.Module._load (module.js:475:25)
    at Module.require (module.js:597:17)
    at require (internal/module.js:11:18)
    at Object.<anonymous> (C:\Users\S533622\Documents\44563\ecommerce\routes\index.js:45:26)
    at Module._compile (module.js:653:30)
    at Object.Module._extensions..js (module.js:664:10)
    at Module.load (module.js:566:32)
    at tryModuleLoad (module.js:506:12)
    at Function.Module._load (module.js:498:3)
    at Module.require (module.js:597:17)
    at require (internal/module.js:11:18)
    at Object.<anonymous> (C:\Users\S533622\Documents\44563\ecommerce\app.js:66:16)
    at Module._compile (module.js:653:30)
    at Object.Module._extensions..js (module.js:664:10)
    at Module.load (module.js:566:32)
    at tryModuleLoad (module.js:506:12)
    at Function.Module._load (module.js:498:3)
    at Function.Module.runMain (module.js:694:10)
    at startup (bootstrap_node.js:204:16)
    at bootstrap_node.js:625:3
2018-11-19T22:22:42.695Z - debug: START routing
2018-11-19T22:22:46.389Z - info: Environment variables loaded.
2018-11-19T22:22:46.418Z - error: uncaughtException: number is not defined date=Mon Nov 19 2018 16:22:46 GMT-0600 (Central Standard Time), pid=5448, uid=null, gid=null, cwd=C:\Users\S533622\Documents\44563\ecommerce, execPath=C:\Program Files\nodejs\node.exe, version=v8.12.0, argv=[C:\Program Files\nodejs\node.exe, C:\Users\S533622\Documents\44563\ecommerce\app.js], rss=72892416, heapTotal=62828544, heapUsed=31712384, external=18464873, loadavg=[0, 0, 0], uptime=19718.9107881
ReferenceError: number is not defined
    at Object.<anonymous> (C:\Users\S533622\Documents\44563\ecommerce\models\customer.js:16:15)
    at Module._compile (module.js:653:30)
    at Object.Module._extensions..js (module.js:664:10)
    at Module.load (module.js:566:32)
    at tryModuleLoad (module.js:506:12)
    at Function.Module._load (module.js:498:3)
    at Module.require (module.js:597:17)
    at require (internal/module.js:11:18)
    at Object.<anonymous> (C:\Users\S533622\Documents\44563\ecommerce\controllers\customer.js:9:15)
    at Module._compile (module.js:653:30)
    at Object.Module._extensions..js (module.js:664:10)
    at Module.load (module.js:566:32)
    at tryModuleLoad (module.js:506:12)
    at Function.Module._load (module.js:498:3)
    at Module.require (module.js:597:17)
    at require (internal/module.js:11:18)
    at Object.<anonymous> (C:\Users\S533622\Documents\44563\ecommerce\routes\index.js:45:26)
    at Module._compile (module.js:653:30)
    at Object.Module._extensions..js (module.js:664:10)
    at Module.load (module.js:566:32)
    at tryModuleLoad (module.js:506:12)
    at Function.Module._load (module.js:498:3)
2018-11-19T22:22:46.398Z - debug: START routing
2018-11-19T22:22:50.929Z - info: Environment variables loaded.
2018-11-19T22:22:50.960Z - error: uncaughtException: number is not defined date=Mon Nov 19 2018 16:22:50 GMT-0600 (Central Standard Time), pid=8652, uid=null, gid=null, cwd=C:\Users\S533622\Documents\44563\ecommerce, execPath=C:\Program Files\nodejs\node.exe, version=v8.12.0, argv=[C:\Program Files\nodejs\node.exe, C:\Users\S533622\Documents\44563\ecommerce\app.js], rss=72851456, heapTotal=62828544, heapUsed=32195704, external=18501328, loadavg=[0, 0, 0], uptime=19723.4511371
ReferenceError: number is not defined
    at Object.<anonymous> (C:\Users\S533622\Documents\44563\ecommerce\models\customer.js:16:15)
    at Module._compile (module.js:653:30)
    at Object.Module._extensions..js (module.js:664:10)
    at Module.load (module.js:566:32)
    at tryModuleLoad (module.js:506:12)
    at Function.Module._load (module.js:498:3)
    at Module.require (module.js:597:17)
    at require (internal/module.js:11:18)
    at Object.<anonymous> (C:\Users\S533622\Documents\44563\ecommerce\controllers\customer.js:9:15)
    at Module._compile (module.js:653:30)
    at Object.Module._extensions..js (module.js:664:10)
    at Module.load (module.js:566:32)
    at tryModuleLoad (module.js:506:12)
    at Function.Module._load (module.js:498:3)
    at Module.require (module.js:597:17)
    at require (internal/module.js:11:18)
    at Object.<anonymous> (C:\Users\S533622\Documents\44563\ecommerce\routes\index.js:45:26)
    at Module._compile (module.js:653:30)
    at Object.Module._extensions..js (module.js:664:10)
    at Module.load (module.js:566:32)
    at tryModuleLoad (module.js:506:12)
    at Function.Module._load (module.js:498:3)
2018-11-19T22:22:50.936Z - debug: START routing
2018-11-19T22:23:06.307Z - info: Environment variables loaded.
2018-11-19T22:23:06.332Z - error: uncaughtException: number is not defined date=Mon Nov 19 2018 16:23:06 GMT-0600 (Central Standard Time), pid=2468, uid=null, gid=null, cwd=C:\Users\S533622\Documents\44563\ecommerce, execPath=C:\Program Files\nodejs\node.exe, version=v8.12.0, argv=[C:\Program Files\nodejs\node.exe, C:\Users\S533622\Documents\44563\ecommerce\app.js], rss=73146368, heapTotal=62828544, heapUsed=30855736, external=18411963, loadavg=[0, 0, 0], uptime=19738.8242254
ReferenceError: number is not defined
    at Object.<anonymous> (C:\Users\S533622\Documents\44563\ecommerce\models\customer.js:16:15)
    at Module._compile (module.js:653:30)
    at Object.Module._extensions..js (module.js:664:10)
    at Module.load (module.js:566:32)
    at tryModuleLoad (module.js:506:12)
    at Function.Module._load (module.js:498:3)
    at Module.require (module.js:597:17)
    at require (internal/module.js:11:18)
    at Object.<anonymous> (C:\Users\S533622\Documents\44563\ecommerce\controllers\customer.js:9:15)
    at Module._compile (module.js:653:30)
    at Object.Module._extensions..js (module.js:664:10)
    at Module.load (module.js:566:32)
    at tryModuleLoad (module.js:506:12)
    at Function.Module._load (module.js:498:3)
    at Module.require (module.js:597:17)
    at require (internal/module.js:11:18)
    at Object.<anonymous> (C:\Users\S533622\Documents\44563\ecommerce\routes\index.js:45:26)
    at Module._compile (module.js:653:30)
    at Object.Module._extensions..js (module.js:664:10)
    at Module.load (module.js:566:32)
    at tryModuleLoad (module.js:506:12)
    at Function.Module._load (module.js:498:3)
2018-11-19T22:23:06.314Z - debug: START routing
2018-11-19T22:25:41.029Z - info: Environment variables loaded.
2018-11-19T22:25:41.056Z - error: uncaughtException: number is not defined date=Mon Nov 19 2018 16:25:41 GMT-0600 (Central Standard Time), pid=12140, uid=null, gid=null, cwd=C:\Users\S533622\Documents\44563\ecommerce, execPath=C:\Program Files\nodejs\node.exe, version=v8.12.0, argv=[C:\Program Files\nodejs\node.exe, C:\Users\S533622\Documents\44563\ecommerce\app.js], rss=72790016, heapTotal=63352832, heapUsed=31719800, external=18464873, loadavg=[0, 0, 0], uptime=19893.5484438
ReferenceError: number is not defined
    at Object.<anonymous> (C:\Users\S533622\Documents\44563\ecommerce\models\customer.js:39:15)
    at Module._compile (module.js:653:30)
    at Object.Module._extensions..js (module.js:664:10)
    at Module.load (module.js:566:32)
    at tryModuleLoad (module.js:506:12)
    at Function.Module._load (module.js:498:3)
    at Module.require (module.js:597:17)
    at require (internal/module.js:11:18)
    at Object.<anonymous> (C:\Users\S533622\Documents\44563\ecommerce\controllers\customer.js:9:15)
    at Module._compile (module.js:653:30)
    at Object.Module._extensions..js (module.js:664:10)
    at Module.load (module.js:566:32)
    at tryModuleLoad (module.js:506:12)
    at Function.Module._load (module.js:498:3)
    at Module.require (module.js:597:17)
    at require (internal/module.js:11:18)
    at Object.<anonymous> (C:\Users\S533622\Documents\44563\ecommerce\routes\index.js:45:26)
    at Module._compile (module.js:653:30)
    at Object.Module._extensions..js (module.js:664:10)
    at Module.load (module.js:566:32)
    at tryModuleLoad (module.js:506:12)
    at Function.Module._load (module.js:498:3)
2018-11-19T22:25:41.036Z - debug: START routing
2018-11-19T22:25:54.448Z - info: Environment variables loaded.
2018-11-19T22:25:54.472Z - error: uncaughtException: number is not defined date=Mon Nov 19 2018 16:25:54 GMT-0600 (Central Standard Time), pid=22972, uid=null, gid=null, cwd=C:\Users\S533622\Documents\44563\ecommerce, execPath=C:\Program Files\nodejs\node.exe, version=v8.12.0, argv=[C:\Program Files\nodejs\node.exe, C:\Users\S533622\Documents\44563\ecommerce\app.js], rss=73183232, heapTotal=63877120, heapUsed=30481040, external=18326689, loadavg=[0, 0, 0], uptime=19906.9662467
ReferenceError: number is not defined
    at Object.<anonymous> (C:\Users\S533622\Documents\44563\ecommerce\models\customer.js:39:15)
    at Module._compile (module.js:653:30)
    at Object.Module._extensions..js (module.js:664:10)
    at Module.load (module.js:566:32)
    at tryModuleLoad (module.js:506:12)
    at Function.Module._load (module.js:498:3)
    at Module.require (module.js:597:17)
    at require (internal/module.js:11:18)
    at Object.<anonymous> (C:\Users\S533622\Documents\44563\ecommerce\controllers\customer.js:9:15)
    at Module._compile (module.js:653:30)
    at Object.Module._extensions..js (module.js:664:10)
    at Module.load (module.js:566:32)
    at tryModuleLoad (module.js:506:12)
    at Function.Module._load (module.js:498:3)
    at Module.require (module.js:597:17)
    at require (internal/module.js:11:18)
    at Object.<anonymous> (C:\Users\S533622\Documents\44563\ecommerce\routes\index.js:45:26)
    at Module._compile (module.js:653:30)
    at Object.Module._extensions..js (module.js:664:10)
    at Module.load (module.js:566:32)
    at tryModuleLoad (module.js:506:12)
    at Function.Module._load (module.js:498:3)
2018-11-19T22:25:54.455Z - debug: START routing
2018-11-19T22:26:42.200Z - info: Environment variables loaded.
2018-11-19T22:26:42.206Z - debug: START routing
2018-11-19T22:26:42.234Z - debug: END routing
2018-11-19T22:26:42.234Z - info: Loaded routing.
2018-11-19T22:26:42.266Z - info: START seeder.
2018-11-19T22:26:42.269Z - debug: 6 products seeded
2018-11-19T22:26:47.670Z - info: Environment variables loaded.
2018-11-19T22:26:47.678Z - debug: START routing
2018-11-19T22:26:47.697Z - debug: END routing
2018-11-19T22:26:47.697Z - info: Loaded routing.
2018-11-19T22:26:47.722Z - info: START seeder.
2018-11-19T22:26:47.725Z - debug: 6 products seeded
2018-11-19T22:27:04.882Z - info: Environment variables loaded.
2018-11-19T22:27:04.890Z - debug: START routing
2018-11-19T22:27:04.908Z - debug: END routing
2018-11-19T22:27:04.908Z - info: Loaded routing.
2018-11-19T22:27:04.935Z - info: START seeder.
2018-11-19T22:27:04.938Z - debug: 6 products seeded
2018-11-19T22:27:27.525Z - info: Environment variables loaded.
2018-11-19T22:27:27.532Z - debug: START routing
2018-11-19T22:27:27.549Z - debug: END routing
2018-11-19T22:27:27.549Z - info: Loaded routing.
2018-11-19T22:27:27.575Z - info: START seeder.
2018-11-19T22:27:27.578Z - debug: 6 products seeded
2018-11-19T22:27:33.815Z - debug: GET /
2018-11-19T22:27:33.823Z - debug: Request to /
2018-11-19T22:27:33.881Z - debug: GET /CSS/main.css
2018-11-19T22:27:34.199Z - debug: GET /CSS/shirts.jpg
2018-11-19T22:27:34.375Z - debug: GET /images/favicon-32x32.png
2018-11-19T22:27:43.874Z - debug: GET /
2018-11-19T22:27:43.875Z - debug: Request to /
2018-11-19T22:27:45.416Z - debug: GET /products
2018-11-19T22:27:45.552Z - debug: GET /favicon.ico
2018-11-19T22:27:50.407Z - debug: GET /customer
2018-11-19T22:27:52.411Z - debug: GET /orders
2018-11-19T22:27:53.658Z - debug: GET /orderLineItem
2018-11-19T22:27:54.901Z - debug: GET /products
2018-11-19T22:28:06.132Z - debug: GET /
2018-11-19T22:28:06.134Z - debug: Request to /
2018-11-19T22:29:19.681Z - info: Environment variables loaded.
2018-11-19T22:29:19.689Z - debug: START routing
2018-11-19T22:29:19.707Z - debug: END routing
2018-11-19T22:29:19.707Z - info: Loaded routing.
2018-11-19T22:29:19.742Z - info: START seeder.
2018-11-19T22:29:19.745Z - debug: 6 products seeded
2018-11-19T22:29:25.373Z - debug: GET /
2018-11-19T22:29:25.376Z - debug: Request to /
2018-11-19T22:29:50.802Z - debug: GET /Bit%20bucket
2018-11-19T22:29:51.289Z - debug: GET /CSS/shirts.jpg
2018-11-19T22:30:07.530Z - debug: GET /customer
2018-11-19T22:30:08.024Z - debug: GET /CSS/shirts.jpg
2018-11-19T22:30:16.565Z - debug: GET /customer
2018-11-19T22:30:17.059Z - debug: GET /CSS/shirts.jpg
2018-11-19T22:30:22.226Z - debug: GET /products
2018-11-19T22:33:27.732Z - debug: GET /products
2018-11-19T22:33:45.738Z - debug: GET /orders
2018-11-19T22:33:46.949Z - debug: GET /customer
2018-11-19T22:33:48.419Z - debug: GET /products
2018-11-19T22:36:52.665Z - info: Environment variables loaded.
2018-11-19T22:36:52.672Z - debug: START routing
2018-11-19T22:36:52.690Z - debug: END routing
2018-11-19T22:36:52.690Z - info: Loaded routing.
2018-11-19T22:36:52.725Z - info: START seeder.
2018-11-19T22:36:52.729Z - debug: 6 products seeded
2018-11-19T22:37:03.628Z - debug: GET /products
2018-11-19T22:37:08.512Z - debug: GET /products
2018-11-19T22:37:12.820Z - debug: GET /customer
2018-11-19T22:37:14.874Z - debug: GET /orders
2018-11-19T22:37:16.362Z - debug: GET /orderLineItem
2018-11-19T22:37:18.121Z - debug: GET /customer
2018-11-19T22:37:19.908Z - debug: GET /products
2018-11-19T22:37:28.627Z - debug: GET /
2018-11-19T22:37:28.642Z - debug: Request to /
2018-11-19T22:37:31.198Z - debug: GET /products
2018-11-19T22:37:35.827Z - debug: GET /customer
2018-11-19T22:39:21.658Z - info: Environment variables loaded.
2018-11-19T22:39:21.666Z - debug: START routing
2018-11-19T22:39:21.684Z - debug: END routing
2018-11-19T22:39:21.685Z - info: Loaded routing.
2018-11-19T22:39:21.720Z - info: START seeder.
2018-11-19T22:39:21.725Z - debug: 6 products seeded
2018-11-19T22:39:28.649Z - info: Environment variables loaded.
2018-11-19T22:39:28.656Z - debug: START routing
2018-11-19T22:39:28.678Z - debug: END routing
2018-11-19T22:39:28.678Z - info: Loaded routing.
2018-11-19T22:39:28.703Z - info: START seeder.
2018-11-19T22:39:28.706Z - debug: 6 products seeded
2018-11-19T22:39:36.612Z - info: Environment variables loaded.
2018-11-19T22:39:36.620Z - debug: START routing
2018-11-19T22:39:36.637Z - debug: END routing
2018-11-19T22:39:36.637Z - info: Loaded routing.
2018-11-19T22:39:36.672Z - info: START seeder.
2018-11-19T22:39:36.674Z - debug: 6 products seeded
2018-11-19T22:39:45.418Z - info: Environment variables loaded.
2018-11-19T22:39:45.429Z - debug: START routing
2018-11-19T22:39:45.455Z - debug: END routing
2018-11-19T22:39:45.455Z - info: Loaded routing.
2018-11-19T22:39:45.490Z - info: START seeder.
2018-11-19T22:39:45.498Z - debug: 6 products seeded
2018-11-19T22:39:48.405Z - info: Environment variables loaded.
2018-11-19T22:39:48.413Z - debug: START routing
2018-11-19T22:39:48.431Z - debug: END routing
2018-11-19T22:39:48.431Z - info: Loaded routing.
2018-11-19T22:39:48.461Z - info: START seeder.
2018-11-19T22:39:48.464Z - debug: 6 products seeded
2018-11-19T22:39:56.629Z - info: Environment variables loaded.
2018-11-19T22:39:56.636Z - debug: START routing
2018-11-19T22:39:56.654Z - debug: END routing
2018-11-19T22:39:56.654Z - info: Loaded routing.
2018-11-19T22:39:56.685Z - info: START seeder.
2018-11-19T22:39:56.687Z - debug: 6 products seeded
2018-11-19T22:39:58.982Z - info: Environment variables loaded.
2018-11-19T22:39:58.989Z - debug: START routing
2018-11-19T22:39:59.011Z - debug: END routing
2018-11-19T22:39:59.011Z - info: Loaded routing.
2018-11-19T22:39:59.037Z - info: START seeder.
2018-11-19T22:39:59.041Z - debug: 6 products seeded
2018-11-19T22:40:06.236Z - info: Environment variables loaded.
2018-11-19T22:40:06.242Z - debug: START routing
2018-11-19T22:40:06.261Z - debug: END routing
2018-11-19T22:40:06.261Z - info: Loaded routing.
2018-11-19T22:40:06.287Z - info: START seeder.
2018-11-19T22:40:06.290Z - debug: 6 products seeded
2018-11-19T22:40:11.241Z - debug: GET /customer
2018-11-19T22:40:15.578Z - debug: GET /products
2018-11-19T22:41:54.852Z - info: Environment variables loaded.
2018-11-19T22:41:54.861Z - debug: START routing
2018-11-19T22:41:54.884Z - debug: END routing
2018-11-19T22:41:54.884Z - info: Loaded routing.
2018-11-19T22:41:54.919Z - info: START seeder.
2018-11-19T22:41:54.925Z - debug: 6 products seeded
2018-11-19T22:41:58.337Z - info: Environment variables loaded.
2018-11-19T22:41:58.346Z - debug: START routing
2018-11-19T22:41:58.366Z - debug: END routing
2018-11-19T22:41:58.366Z - info: Loaded routing.
2018-11-19T22:41:58.395Z - info: START seeder.
2018-11-19T22:41:58.398Z - debug: 6 products seeded
2018-11-19T22:42:09.942Z - info: Environment variables loaded.
2018-11-19T22:42:09.949Z - debug: START routing
2018-11-19T22:42:09.967Z - debug: END routing
2018-11-19T22:42:09.967Z - info: Loaded routing.
2018-11-19T22:42:09.997Z - info: START seeder.
2018-11-19T22:42:09.999Z - debug: 6 products seeded
2018-11-19T22:42:22.136Z - debug: GET /
2018-11-19T22:42:22.142Z - debug: Request to /
2018-11-19T22:42:22.501Z - debug: GET /CSS/shirts.jpg
2018-11-19T22:42:24.597Z - debug: GET /products
2018-11-19T22:42:30.353Z - debug: GET /customer
2018-11-19T22:42:34.283Z - debug: GET /orders
2018-11-19T22:42:36.460Z - debug: GET /orderLineItem
2018-11-19T22:42:40.480Z - debug: GET /orders
2018-11-19T22:42:41.716Z - debug: GET /customer
2018-11-19T22:42:45.485Z - debug: GET /
2018-11-19T22:42:45.487Z - debug: Request to /
2018-11-19T22:42:51.705Z - debug: GET /products
2018-11-19T22:42:54.047Z - debug: GET /products
2018-11-19T22:45:20.035Z - info: Environment variables loaded.
2018-11-19T22:45:20.073Z - debug: START routing
2018-11-19T22:45:20.194Z - debug: END routing
2018-11-19T22:45:20.194Z - info: Loaded routing.
2018-11-19T22:45:20.239Z - info: START seeder.
2018-11-19T22:45:20.242Z - debug: 6 products seeded
2018-11-19T22:45:22.425Z - debug: GET /
2018-11-19T22:45:22.431Z - debug: Request to /
2018-11-19T22:45:22.974Z - debug: GET /CSS/shirts.jpg
2018-11-19T22:45:24.643Z - debug: GET /customer
2018-11-19T22:45:29.622Z - debug: GET /products
2018-11-19T22:45:33.285Z - debug: GET /orders
2018-11-19T22:46:03.318Z - info: Environment variables loaded.
2018-11-19T22:46:03.329Z - debug: START routing
2018-11-19T22:46:03.363Z - debug: END routing
2018-11-19T22:46:03.363Z - info: Loaded routing.
2018-11-19T22:46:03.408Z - info: START seeder.
2018-11-19T22:46:03.413Z - debug: 6 products seeded
2018-11-19T22:46:05.391Z - info: Environment variables loaded.
2018-11-19T22:46:05.402Z - debug: START routing
2018-11-19T22:46:05.443Z - debug: END routing
2018-11-19T22:46:05.443Z - info: Loaded routing.
2018-11-19T22:46:05.500Z - info: START seeder.
2018-11-19T22:46:05.507Z - debug: 6 products seeded
2018-11-19T22:46:14.205Z - info: Environment variables loaded.
2018-11-19T22:46:14.217Z - debug: START routing
2018-11-19T22:46:14.256Z - debug: END routing
2018-11-19T22:46:14.257Z - info: Loaded routing.
2018-11-19T22:46:14.301Z - info: START seeder.
2018-11-19T22:46:14.307Z - debug: 6 products seeded
2018-11-19T22:46:22.533Z - info: Environment variables loaded.
2018-11-19T22:46:22.540Z - debug: START routing
2018-11-19T22:46:22.560Z - debug: END routing
2018-11-19T22:46:22.560Z - info: Loaded routing.
2018-11-19T22:46:22.586Z - info: START seeder.
2018-11-19T22:46:22.590Z - debug: 6 products seeded
2018-11-19T22:46:28.010Z - debug: GET /
2018-11-19T22:46:28.016Z - debug: Request to /
2018-11-19T22:46:29.796Z - debug: GET /customer
2018-11-19T22:46:38.372Z - debug: GET /customer
2018-11-19T22:46:41.985Z - debug: GET /products
2018-11-19T22:46:45.939Z - debug: GET /orders
